2021-09-30 17:14:02.521  INFO 14703 --- [restartedMain] com.osanda.example.UserDataApplication   : Starting UserDataApplication using Java 11.0.9.1 on osanda-ROG-STRIX with PID 14703 (/home/osanda/Documents/workspace-test/user-data/build/classes/java/main started by osanda in /home/osanda/Documents/workspace-test/user-data)
2021-09-30 17:14:02.524  INFO 14703 --- [restartedMain] com.osanda.example.UserDataApplication   : No active profile set, falling back to default profiles: default
2021-09-30 17:14:02.558  INFO 14703 --- [restartedMain] .e.DevToolsPropertyDefaultsPostProcessor : Devtools property defaults active! Set 'spring.devtools.add-properties' to 'false' to disable
2021-09-30 17:14:02.559  INFO 14703 --- [restartedMain] .e.DevToolsPropertyDefaultsPostProcessor : For additional web related logging consider setting the 'logging.level.web' property to 'DEBUG'
2021-09-30 17:14:03.009  INFO 14703 --- [restartedMain] .s.d.r.c.RepositoryConfigurationDelegate : Bootstrapping Spring Data JPA repositories in DEFERRED mode.
2021-09-30 17:14:03.016  INFO 14703 --- [restartedMain] .s.d.r.c.RepositoryConfigurationDelegate : Finished Spring Data repository scanning in 3 ms. Found 0 JPA repository interfaces.
2021-09-30 17:14:03.270  INFO 14703 --- [restartedMain] o.s.b.w.embedded.tomcat.TomcatWebServer  : Tomcat initialized with port(s): 8080 (http)
2021-09-30 17:14:03.274  INFO 14703 --- [restartedMain] o.apache.catalina.core.StandardService   : Starting service [Tomcat]
2021-09-30 17:14:03.275  INFO 14703 --- [restartedMain] org.apache.catalina.core.StandardEngine  : Starting Servlet engine: [Apache Tomcat/9.0.53]
2021-09-30 17:14:03.320  INFO 14703 --- [restartedMain] o.a.c.c.C.[Tomcat].[localhost].[/]       : Initializing Spring embedded WebApplicationContext
2021-09-30 17:14:03.320  INFO 14703 --- [restartedMain] w.s.c.ServletWebServerApplicationContext : Root WebApplicationContext: initialization completed in 760 ms
2021-09-30 17:14:03.411  WARN 14703 --- [restartedMain] ConfigServletWebServerApplicationContext : Exception encountered during context initialization - cancelling refresh attempt: org.springframework.beans.factory.UnsatisfiedDependencyException: Error creating bean with name 'inMemoryDatabaseShutdownExecutor' defined in class path resource [org/springframework/boot/devtools/autoconfigure/DevToolsDataSourceAutoConfiguration.class]: Unsatisfied dependency expressed through method 'inMemoryDatabaseShutdownExecutor' parameter 0; nested exception is org.springframework.beans.factory.BeanCreationException: Error creating bean with name 'dataSource' defined in class path resource [org/springframework/boot/autoconfigure/jdbc/DataSourceConfiguration$Hikari.class]: Bean instantiation via factory method failed; nested exception is org.springframework.beans.BeanInstantiationException: Failed to instantiate [com.zaxxer.hikari.HikariDataSource]: Factory method 'dataSource' threw exception; nested exception is org.springframework.boot.autoconfigure.jdbc.DataSourceProperties$DataSourceBeanCreationException: Failed to determine a suitable driver class
2021-09-30 17:14:03.413  INFO 14703 --- [restartedMain] o.apache.catalina.core.StandardService   : Stopping service [Tomcat]
2021-09-30 17:14:03.427  INFO 14703 --- [restartedMain] ConditionEvaluationReportLoggingListener : 

Error starting ApplicationContext. To display the conditions report re-run your application with 'debug' enabled.
2021-09-30 17:14:03.433 ERROR 14703 --- [restartedMain] o.s.b.d.LoggingFailureAnalysisReporter   : 

***************************
APPLICATION FAILED TO START
***************************

Description:

Failed to configure a DataSource: 'url' attribute is not specified and no embedded datasource could be configured.

Reason: Failed to determine a suitable driver class


Action:

Consider the following:
	If you want an embedded database (H2, HSQL or Derby), please put it on the classpath.
	If you have database settings to be loaded from a particular profile you may need to activate it (no profiles are currently active).

2021-09-30 17:15:28.948  INFO 14864 --- [restartedMain] com.osanda.example.UserDataApplication   : Starting UserDataApplication using Java 11.0.9.1 on osanda-ROG-STRIX with PID 14864 (/home/osanda/Documents/workspace-test/user-data/build/classes/java/main started by osanda in /home/osanda/Documents/workspace-test/user-data)
2021-09-30 17:15:28.949  INFO 14864 --- [restartedMain] com.osanda.example.UserDataApplication   : No active profile set, falling back to default profiles: default
2021-09-30 17:15:28.970  INFO 14864 --- [restartedMain] .e.DevToolsPropertyDefaultsPostProcessor : Devtools property defaults active! Set 'spring.devtools.add-properties' to 'false' to disable
2021-09-30 17:15:28.970  INFO 14864 --- [restartedMain] .e.DevToolsPropertyDefaultsPostProcessor : For additional web related logging consider setting the 'logging.level.web' property to 'DEBUG'
2021-09-30 17:15:29.360  INFO 14864 --- [restartedMain] .s.d.r.c.RepositoryConfigurationDelegate : Bootstrapping Spring Data JPA repositories in DEFERRED mode.
2021-09-30 17:15:29.367  INFO 14864 --- [restartedMain] .s.d.r.c.RepositoryConfigurationDelegate : Finished Spring Data repository scanning in 2 ms. Found 0 JPA repository interfaces.
2021-09-30 17:15:29.606  INFO 14864 --- [restartedMain] o.s.b.w.embedded.tomcat.TomcatWebServer  : Tomcat initialized with port(s): 8080 (http)
2021-09-30 17:15:29.610  INFO 14864 --- [restartedMain] o.apache.catalina.core.StandardService   : Starting service [Tomcat]
2021-09-30 17:15:29.611  INFO 14864 --- [restartedMain] org.apache.catalina.core.StandardEngine  : Starting Servlet engine: [Apache Tomcat/9.0.53]
2021-09-30 17:15:29.644  INFO 14864 --- [restartedMain] o.a.c.c.C.[Tomcat].[localhost].[/]       : Initializing Spring embedded WebApplicationContext
2021-09-30 17:15:29.644  INFO 14864 --- [restartedMain] w.s.c.ServletWebServerApplicationContext : Root WebApplicationContext: initialization completed in 673 ms
2021-09-30 17:15:29.732  WARN 14864 --- [restartedMain] ConfigServletWebServerApplicationContext : Exception encountered during context initialization - cancelling refresh attempt: org.springframework.beans.factory.UnsatisfiedDependencyException: Error creating bean with name 'inMemoryDatabaseShutdownExecutor' defined in class path resource [org/springframework/boot/devtools/autoconfigure/DevToolsDataSourceAutoConfiguration.class]: Unsatisfied dependency expressed through method 'inMemoryDatabaseShutdownExecutor' parameter 0; nested exception is org.springframework.beans.factory.BeanCreationException: Error creating bean with name 'dataSource' defined in class path resource [org/springframework/boot/autoconfigure/jdbc/DataSourceConfiguration$Hikari.class]: Bean instantiation via factory method failed; nested exception is org.springframework.beans.BeanInstantiationException: Failed to instantiate [com.zaxxer.hikari.HikariDataSource]: Factory method 'dataSource' threw exception; nested exception is org.springframework.boot.autoconfigure.jdbc.DataSourceProperties$DataSourceBeanCreationException: Failed to determine a suitable driver class
2021-09-30 17:15:29.734  INFO 14864 --- [restartedMain] o.apache.catalina.core.StandardService   : Stopping service [Tomcat]
2021-09-30 17:15:29.748  INFO 14864 --- [restartedMain] ConditionEvaluationReportLoggingListener : 

Error starting ApplicationContext. To display the conditions report re-run your application with 'debug' enabled.
2021-09-30 17:15:29.754 ERROR 14864 --- [restartedMain] o.s.b.d.LoggingFailureAnalysisReporter   : 

***************************
APPLICATION FAILED TO START
***************************

Description:

Failed to configure a DataSource: 'url' attribute is not specified and no embedded datasource could be configured.

Reason: Failed to determine a suitable driver class


Action:

Consider the following:
	If you want an embedded database (H2, HSQL or Derby), please put it on the classpath.
	If you have database settings to be loaded from a particular profile you may need to activate it (no profiles are currently active).

2021-09-30 17:17:17.305  INFO 15031 --- [restartedMain] com.osanda.example.UserDataApplication   : Starting UserDataApplication using Java 11.0.9.1 on osanda-ROG-STRIX with PID 15031 (/home/osanda/Documents/workspace-test/user-data/build/classes/java/main started by osanda in /home/osanda/Documents/workspace-test/user-data)
2021-09-30 17:17:17.306  INFO 15031 --- [restartedMain] com.osanda.example.UserDataApplication   : The following profiles are active: dev
2021-09-30 17:17:17.327  INFO 15031 --- [restartedMain] .e.DevToolsPropertyDefaultsPostProcessor : Devtools property defaults active! Set 'spring.devtools.add-properties' to 'false' to disable
2021-09-30 17:17:17.327  INFO 15031 --- [restartedMain] .e.DevToolsPropertyDefaultsPostProcessor : For additional web related logging consider setting the 'logging.level.web' property to 'DEBUG'
2021-09-30 17:17:17.712  INFO 15031 --- [restartedMain] .s.d.r.c.RepositoryConfigurationDelegate : Bootstrapping Spring Data JPA repositories in DEFERRED mode.
2021-09-30 17:17:17.718  INFO 15031 --- [restartedMain] .s.d.r.c.RepositoryConfigurationDelegate : Finished Spring Data repository scanning in 2 ms. Found 0 JPA repository interfaces.
2021-09-30 17:17:17.965  INFO 15031 --- [restartedMain] o.s.b.w.embedded.tomcat.TomcatWebServer  : Tomcat initialized with port(s): 8080 (http)
2021-09-30 17:17:17.970  INFO 15031 --- [restartedMain] o.apache.catalina.core.StandardService   : Starting service [Tomcat]
2021-09-30 17:17:17.970  INFO 15031 --- [restartedMain] org.apache.catalina.core.StandardEngine  : Starting Servlet engine: [Apache Tomcat/9.0.53]
2021-09-30 17:17:18.012  INFO 15031 --- [restartedMain] o.a.c.c.C.[Tomcat].[localhost].[/]       : Initializing Spring embedded WebApplicationContext
2021-09-30 17:17:18.012  INFO 15031 --- [restartedMain] w.s.c.ServletWebServerApplicationContext : Root WebApplicationContext: initialization completed in 685 ms
2021-09-30 17:17:18.140  INFO 15031 --- [task-1] o.hibernate.jpa.internal.util.LogHelper  : HHH000204: Processing PersistenceUnitInfo [name: default]
2021-09-30 17:17:18.159  INFO 15031 --- [task-1] org.hibernate.Version                    : HHH000412: Hibernate ORM core version 5.4.32.Final
2021-09-30 17:17:18.162  WARN 15031 --- [restartedMain] JpaBaseConfiguration$JpaWebConfiguration : spring.jpa.open-in-view is enabled by default. Therefore, database queries may be performed during view rendering. Explicitly configure spring.jpa.open-in-view to disable this warning
2021-09-30 17:17:18.213  INFO 15031 --- [task-1] o.hibernate.annotations.common.Version   : HCANN000001: Hibernate Commons Annotations {5.1.2.Final}
2021-09-30 17:17:18.255  INFO 15031 --- [task-1] com.zaxxer.hikari.HikariDataSource       : HikariPool-1 - Starting...
2021-09-30 17:17:18.329  INFO 15031 --- [task-1] com.zaxxer.hikari.HikariDataSource       : HikariPool-1 - Start completed.
2021-09-30 17:17:18.335  INFO 15031 --- [task-1] org.hibernate.dialect.Dialect            : HHH000400: Using dialect: org.hibernate.dialect.MySQL5Dialect
2021-09-30 17:17:18.404  INFO 15031 --- [restartedMain] o.s.b.d.a.OptionalLiveReloadServer       : LiveReload server is running on port 35729
2021-09-30 17:17:18.407  INFO 15031 --- [restartedMain] o.s.b.a.e.web.EndpointLinksResolver      : Exposing 2 endpoint(s) beneath base path '/actuator'
2021-09-30 17:17:18.426  INFO 15031 --- [task-1] o.h.e.t.j.p.i.JtaPlatformInitiator       : HHH000490: Using JtaPlatform implementation: [org.hibernate.engine.transaction.jta.platform.internal.NoJtaPlatform]
2021-09-30 17:17:18.432  INFO 15031 --- [task-1] j.LocalContainerEntityManagerFactoryBean : Initialized JPA EntityManagerFactory for persistence unit 'default'
2021-09-30 17:17:18.446  INFO 15031 --- [restartedMain] o.s.b.w.embedded.tomcat.TomcatWebServer  : Tomcat started on port(s): 8080 (http) with context path ''
2021-09-30 17:17:18.446  INFO 15031 --- [restartedMain] DeferredRepositoryInitializationListener : Triggering deferred initialization of Spring Data repositories…
2021-09-30 17:17:18.447  INFO 15031 --- [restartedMain] DeferredRepositoryInitializationListener : Spring Data repositories initialized!
2021-09-30 17:17:18.458  INFO 15031 --- [restartedMain] com.osanda.example.UserDataApplication   : Started UserDataApplication in 1.377 seconds (JVM running for 1.821)
2021-09-30 17:17:18.778  INFO 15031 --- [RMI TCP Connection(1)-127.0.0.1] o.a.c.c.C.[Tomcat].[localhost].[/]       : Initializing Spring DispatcherServlet 'dispatcherServlet'
2021-09-30 17:17:18.778  INFO 15031 --- [RMI TCP Connection(1)-127.0.0.1] o.s.web.servlet.DispatcherServlet        : Initializing Servlet 'dispatcherServlet'
2021-09-30 17:17:18.779  INFO 15031 --- [RMI TCP Connection(1)-127.0.0.1] o.s.web.servlet.DispatcherServlet        : Completed initialization in 1 ms
2021-09-30 17:17:49.543  INFO 15031 --- [SpringContextShutdownHook] j.LocalContainerEntityManagerFactoryBean : Closing JPA EntityManagerFactory for persistence unit 'default'
2021-09-30 17:17:49.545  INFO 15031 --- [SpringContextShutdownHook] com.zaxxer.hikari.HikariDataSource       : HikariPool-1 - Shutdown initiated...
2021-09-30 17:17:49.550  INFO 15031 --- [SpringContextShutdownHook] com.zaxxer.hikari.HikariDataSource       : HikariPool-1 - Shutdown completed.
